14:43:31.003 [DEBUG] [org.gradle.launcher.daemon.bootstrap.DaemonMain] Assuming the daemon was started with following jvm opts: [-XX:MaxMetaspaceSize=256m, -XX:+HeapDumpOnOutOfMemoryError, -agentlib:jdwp=transport=dt_socket,server=n,suspend=y,address=127.0.0.1:56631, --add-opens, java.base/java.util=ALL-UNNAMED, --add-opens, java.base/java.lang=ALL-UNNAMED, --add-opens, java.base/java.lang.invoke=ALL-UNNAMED, --add-opens, java.prefs/java.util.prefs=ALL-UNNAMED, -Xms256m, -Xmx512m, -Dfile.encoding=UTF-8, -Duser.country=US, -Duser.language=en, -Duser.variant]
14:43:31.409 [INFO] [org.gradle.launcher.daemon.server.Daemon] start() called on daemon - DefaultDaemonContext[uid=63d0ff6e-069e-4446-b109-22f0c50a7ce2,javaHome=/private/var/folders/fd/ysby4lv13j3403d49hrs456r0000gq/T/AppTranslocation/CAD66134-5617-4519-9667-7C549A61E2B0/d/IntelliJ IDEA CE.app/Contents/jbr/Contents/Home,daemonRegistryDir=/Users/dianabuschman/Documents/MFM/gradle/wrapper/daemon,pid=49912,idleTimeout=10800000,priority=NORMAL,daemonOpts=-XX:MaxMetaspaceSize=256m,-XX:+HeapDumpOnOutOfMemoryError,-agentlib:jdwp=transport=dt_socket,server=n,suspend=y,address=127.0.0.1:56631,--add-opens,java.base/java.util=ALL-UNNAMED,--add-opens,java.base/java.lang=ALL-UNNAMED,--add-opens,java.base/java.lang.invoke=ALL-UNNAMED,--add-opens,java.prefs/java.util.prefs=ALL-UNNAMED,-Xms256m,-Xmx512m,-Dfile.encoding=UTF-8,-Duser.country=US,-Duser.language=en,-Duser.variant]
14:43:31.493 [DEBUG] [org.gradle.internal.remote.internal.inet.InetAddresses] Adding IP addresses for network interface utun1
14:43:31.493 [DEBUG] [org.gradle.internal.remote.internal.inet.InetAddresses] Is this a loopback interface? false
14:43:31.494 [DEBUG] [org.gradle.internal.remote.internal.inet.InetAddresses] Adding remote address /fe80:0:0:0:f9ab:da6a:e3cb:a0f9%utun1
14:43:31.494 [DEBUG] [org.gradle.internal.remote.internal.inet.InetAddresses] Adding IP addresses for network interface utun0
14:43:31.494 [DEBUG] [org.gradle.internal.remote.internal.inet.InetAddresses] Is this a loopback interface? false
14:43:31.500 [DEBUG] [org.gradle.internal.remote.internal.inet.InetAddresses] Adding remote address /fe80:0:0:0:d00:61c2:f9c7:19c9%utun0
14:43:31.501 [DEBUG] [org.gradle.internal.remote.internal.inet.InetAddresses] Adding IP addresses for network interface awdl0
14:43:31.501 [DEBUG] [org.gradle.internal.remote.internal.inet.InetAddresses] Is this a loopback interface? false
14:43:31.502 [DEBUG] [org.gradle.internal.remote.internal.inet.InetAddresses] Adding remote address /fe80:0:0:0:90ab:2eff:febb:779d%awdl0
14:43:31.502 [DEBUG] [org.gradle.internal.remote.internal.inet.InetAddresses] Adding IP addresses for network interface en0
14:43:31.502 [DEBUG] [org.gradle.internal.remote.internal.inet.InetAddresses] Is this a loopback interface? false
14:43:31.503 [DEBUG] [org.gradle.internal.remote.internal.inet.InetAddresses] Adding remote address /fe80:0:0:0:dc:ff5:b13d:2b73%en0
14:43:31.503 [DEBUG] [org.gradle.internal.remote.internal.inet.InetAddresses] Adding remote address /192.168.254.12
14:43:31.503 [DEBUG] [org.gradle.internal.remote.internal.inet.InetAddresses] Adding IP addresses for network interface lo0
14:43:31.504 [DEBUG] [org.gradle.internal.remote.internal.inet.InetAddresses] Is this a loopback interface? true
14:43:31.505 [DEBUG] [org.gradle.internal.remote.internal.inet.InetAddresses] Ignoring remote address on loopback interface /fe80:0:0:0:0:0:0:1%lo0
14:43:31.505 [DEBUG] [org.gradle.internal.remote.internal.inet.InetAddresses] Adding loopback address /0:0:0:0:0:0:0:1%lo0
14:43:31.506 [DEBUG] [org.gradle.internal.remote.internal.inet.InetAddresses] Adding loopback address /127.0.0.1
14:43:31.512 [DEBUG] [org.gradle.internal.remote.internal.inet.TcpIncomingConnector] Listening on [bcd991f6-867f-4231-b7b0-ff59eea23620 port:56634, addresses:[/0:0:0:0:0:0:0:1%lo0, /127.0.0.1]].
14:43:31.528 [DEBUG] [org.gradle.launcher.daemon.server.Daemon] Daemon starting at: Fri Dec 13 14:43:31 EST 2019, with address: [bcd991f6-867f-4231-b7b0-ff59eea23620 port:56634, addresses:[/0:0:0:0:0:0:0:1%lo0, /127.0.0.1]]
14:43:31.529 [INFO] [org.gradle.launcher.daemon.server.DaemonRegistryUpdater] Advertising the daemon address to the clients: [bcd991f6-867f-4231-b7b0-ff59eea23620 port:56634, addresses:[/0:0:0:0:0:0:0:1%lo0, /127.0.0.1]]
14:43:31.529 [DEBUG] [org.gradle.launcher.daemon.server.DaemonRegistryUpdater] Advertised daemon context: DefaultDaemonContext[uid=63d0ff6e-069e-4446-b109-22f0c50a7ce2,javaHome=/private/var/folders/fd/ysby4lv13j3403d49hrs456r0000gq/T/AppTranslocation/CAD66134-5617-4519-9667-7C549A61E2B0/d/IntelliJ IDEA CE.app/Contents/jbr/Contents/Home,daemonRegistryDir=/Users/dianabuschman/Documents/MFM/gradle/wrapper/daemon,pid=49912,idleTimeout=10800000,priority=NORMAL,daemonOpts=-XX:MaxMetaspaceSize=256m,-XX:+HeapDumpOnOutOfMemoryError,-agentlib:jdwp=transport=dt_socket,server=n,suspend=y,address=127.0.0.1:56631,--add-opens,java.base/java.util=ALL-UNNAMED,--add-opens,java.base/java.lang=ALL-UNNAMED,--add-opens,java.base/java.lang.invoke=ALL-UNNAMED,--add-opens,java.prefs/java.util.prefs=ALL-UNNAMED,-Xms256m,-Xmx512m,-Dfile.encoding=UTF-8,-Duser.country=US,-Duser.language=en,-Duser.variant]
14:43:31.532 [DEBUG] [org.gradle.launcher.daemon.registry.PersistentDaemonRegistry] Storing daemon address: [bcd991f6-867f-4231-b7b0-ff59eea23620 port:56634, addresses:[/0:0:0:0:0:0:0:1%lo0, /127.0.0.1]], context: DefaultDaemonContext[uid=63d0ff6e-069e-4446-b109-22f0c50a7ce2,javaHome=/private/var/folders/fd/ysby4lv13j3403d49hrs456r0000gq/T/AppTranslocation/CAD66134-5617-4519-9667-7C549A61E2B0/d/IntelliJ IDEA CE.app/Contents/jbr/Contents/Home,daemonRegistryDir=/Users/dianabuschman/Documents/MFM/gradle/wrapper/daemon,pid=49912,idleTimeout=10800000,priority=NORMAL,daemonOpts=-XX:MaxMetaspaceSize=256m,-XX:+HeapDumpOnOutOfMemoryError,-agentlib:jdwp=transport=dt_socket,server=n,suspend=y,address=127.0.0.1:56631,--add-opens,java.base/java.util=ALL-UNNAMED,--add-opens,java.base/java.lang=ALL-UNNAMED,--add-opens,java.base/java.lang.invoke=ALL-UNNAMED,--add-opens,java.prefs/java.util.prefs=ALL-UNNAMED,-Xms256m,-Xmx512m,-Dfile.encoding=UTF-8,-Duser.country=US,-Duser.language=en,-Duser.variant]
14:43:31.555 [DEBUG] [org.gradle.cache.internal.DefaultFileLockManager] Waiting to acquire exclusive lock on daemon addresses registry.
14:43:31.560 [DEBUG] [org.gradle.cache.internal.DefaultFileLockManager] Lock acquired on daemon addresses registry.
14:43:31.569 [DEBUG] [org.gradle.cache.internal.DefaultFileLockManager] Releasing lock on daemon addresses registry.
14:43:31.570 [LIFECYCLE] [org.gradle.launcher.daemon.server.Daemon] Daemon server started.
14:43:31.572 [DEBUG] [org.gradle.launcher.daemon.bootstrap.DaemonStartupCommunication] Completed writing the daemon greeting. Closing streams...
14:43:31.578 [DEBUG] [org.gradle.internal.remote.internal.inet.TcpIncomingConnector] Accepted connection from /127.0.0.1:56635 to /127.0.0.1:56634.
14:43:31.598 [DEBUG] [org.gradle.launcher.daemon.server.Daemon] stopOnExpiration() called on daemon
14:43:31.600 [DEBUG] [org.gradle.launcher.daemon.server.Daemon] awaitExpiration() called on daemon
14:43:31.602 [DEBUG] [org.gradle.launcher.daemon.server.DaemonStateCoordinator] daemon is running. Sleeping until state changes.
14:43:31.687 [DEBUG] [org.gradle.launcher.daemon.server.SynchronizedDispatchConnection] thread 21: received class org.gradle.launcher.daemon.protocol.Build
14:43:31.687 [DEBUG] [org.gradle.launcher.daemon.server.DefaultDaemonConnection] thread 21: Received non-IO message from client: Build{id=dc3d1ee1-1471-40a2-bae8-5abb6c184b07, currentDir=/Users/dianabuschman/Documents/MFM}
14:43:31.688 [INFO] [org.gradle.launcher.daemon.server.DefaultIncomingConnectionHandler] Received command: Build{id=dc3d1ee1-1471-40a2-bae8-5abb6c184b07, currentDir=/Users/dianabuschman/Documents/MFM}.
14:43:31.688 [DEBUG] [org.gradle.launcher.daemon.server.DefaultIncomingConnectionHandler] Starting executing command: Build{id=dc3d1ee1-1471-40a2-bae8-5abb6c184b07, currentDir=/Users/dianabuschman/Documents/MFM} with connection: socket connection from /127.0.0.1:56634 to /127.0.0.1:56635.
14:43:31.697 [ERROR] [org.gradle.launcher.daemon.server.DaemonStateCoordinator] Command execution: started DaemonCommandExecution[command = Build{id=dc3d1ee1-1471-40a2-bae8-5abb6c184b07, currentDir=/Users/dianabuschman/Documents/MFM}, connection = DefaultDaemonConnection: socket connection from /127.0.0.1:56634 to /127.0.0.1:56635] after 0.0 minutes of idle
14:43:31.698 [INFO] [org.gradle.launcher.daemon.server.DaemonRegistryUpdater] Marking the daemon as busy, address: [bcd991f6-867f-4231-b7b0-ff59eea23620 port:56634, addresses:[/0:0:0:0:0:0:0:1%lo0, /127.0.0.1]]
14:43:31.698 [DEBUG] [org.gradle.launcher.daemon.registry.PersistentDaemonRegistry] Marking busy by address: [bcd991f6-867f-4231-b7b0-ff59eea23620 port:56634, addresses:[/0:0:0:0:0:0:0:1%lo0, /127.0.0.1]]
14:43:31.699 [DEBUG] [org.gradle.cache.internal.DefaultFileLockManager] Waiting to acquire exclusive lock on daemon addresses registry.
14:43:31.700 [DEBUG] [org.gradle.cache.internal.DefaultFileLockManager] Lock acquired on daemon addresses registry.
14:43:31.702 [DEBUG] [org.gradle.cache.internal.DefaultFileLockManager] Releasing lock on daemon addresses registry.
14:43:31.703 [DEBUG] [org.gradle.launcher.daemon.server.DaemonStateCoordinator] resetting idle timer
14:43:31.704 [DEBUG] [org.gradle.launcher.daemon.server.DaemonStateCoordinator] daemon is running. Sleeping until state changes.
14:43:31.705 [INFO] [org.gradle.launcher.daemon.server.exec.StartBuildOrRespondWithBusy] Daemon is about to start building Build{id=dc3d1ee1-1471-40a2-bae8-5abb6c184b07, currentDir=/Users/dianabuschman/Documents/MFM}. Dispatching build started information...
14:43:31.706 [DEBUG] [org.gradle.launcher.daemon.server.SynchronizedDispatchConnection] thread 23: dispatching class org.gradle.launcher.daemon.protocol.BuildStarted
14:43:31.709 [DEBUG] [org.gradle.launcher.daemon.server.exec.EstablishBuildEnvironment] Configuring env variables: {PATH=/Users/dianabuschman/miniconda3/bin:/Users/dianabuschman/miniconda3/condabin:/usr/local/bin:/usr/bin:/bin:/usr/sbin:/sbin, SHELL=/bin/bash, CONDA_DEFAULT_ENV=base, CONDA_EXE=/Users/dianabuschman/miniconda3/bin/conda, CONDA_PYTHON_EXE=/Users/dianabuschman/miniconda3/bin/python, USER=dianabuschman, COMMAND_MODE=unix2003, TMPDIR=/var/folders/fd/ysby4lv13j3403d49hrs456r0000gq/T/, SSH_AUTH_SOCK=/private/tmp/com.apple.launchd.ToqGEZNY6u/Listeners, CONDA_PREFIX=/Users/dianabuschman/miniconda3, _CE_CONDA=, XPC_FLAGS=0x0, _CE_M=, __CF_USER_TEXT_ENCODING=0x1F7:0x0:0x0, Apple_PubSub_Socket_Render=/private/tmp/com.apple.launchd.x9tPYLC2lp/Render, CONDA_PROMPT_MODIFIER=(base) , LOGNAME=dianabuschman, LC_CTYPE=UTF-8, XPC_SERVICE_NAME=com.apple.xpc.launchd.oneshot.0x10000105.idea, HOME=/Users/dianabuschman, CONDA_SHLVL=1}
14:43:31.719 [DEBUG] [org.gradle.launcher.daemon.server.exec.LogToClient] About to start relaying all logs to the client via the connection.
14:43:31.719 [INFO] [org.gradle.launcher.daemon.server.exec.LogToClient] The client will now receive all logging from the daemon (pid: 49912). The daemon log file: /Users/dianabuschman/Documents/MFM/gradle/wrapper/daemon/5.6.4/daemon-49912.out.log
14:43:31.724 [INFO] [org.gradle.launcher.daemon.server.exec.LogAndCheckHealth] Starting build in new daemon [memory: 536.9 MB]
14:43:31.734 [DEBUG] [org.gradle.launcher.daemon.server.exec.ExecuteBuild] The daemon has started executing the build.
14:43:31.735 [DEBUG] [org.gradle.launcher.daemon.server.exec.ExecuteBuild] Executing build with daemon context: DefaultDaemonContext[uid=63d0ff6e-069e-4446-b109-22f0c50a7ce2,javaHome=/private/var/folders/fd/ysby4lv13j3403d49hrs456r0000gq/T/AppTranslocation/CAD66134-5617-4519-9667-7C549A61E2B0/d/IntelliJ IDEA CE.app/Contents/jbr/Contents/Home,daemonRegistryDir=/Users/dianabuschman/Documents/MFM/gradle/wrapper/daemon,pid=49912,idleTimeout=10800000,priority=NORMAL,daemonOpts=-XX:MaxMetaspaceSize=256m,-XX:+HeapDumpOnOutOfMemoryError,-agentlib:jdwp=transport=dt_socket,server=n,suspend=y,address=127.0.0.1:56631,--add-opens,java.base/java.util=ALL-UNNAMED,--add-opens,java.base/java.lang=ALL-UNNAMED,--add-opens,java.base/java.lang.invoke=ALL-UNNAMED,--add-opens,java.prefs/java.util.prefs=ALL-UNNAMED,-Xms256m,-Xmx512m,-Dfile.encoding=UTF-8,-Duser.country=US,-Duser.language=en,-Duser.variant]

  .   ____          _            __ _ _
 /\\ / ___'_ __ _ _(_)_ __  __ _ \ \ \ \
( ( )\___ | '_ | '_| | '_ \/ _` | \ \ \ \
 \\/  ___)| |_)| | | | | || (_| |  ) ) ) )
  '  |____| .__|_| |_|_| |_\__, | / / / /
 =========|_|==============|___/=/_/_/_/
 :: Spring Boot ::        (v2.2.1.RELEASE)

2019-12-13 14:43:55.042  INFO 49962 --- [  restartedMain] org.launchcode.MFM.MfmApplication        : Starting MfmApplication on Megans-Air-2.home with PID 49962 (/Users/dianabuschman/Documents/MFM/build/classes/java/main started by dianabuschman in /Users/dianabuschman/Documents/MFM)
2019-12-13 14:43:55.048  INFO 49962 --- [  restartedMain] org.launchcode.MFM.MfmApplication        : No active profile set, falling back to default profiles: default
2019-12-13 14:43:55.157  INFO 49962 --- [  restartedMain] o.s.b.devtools.restart.ChangeableUrls    : The Class-Path manifest attribute in /Users/dianabuschman/Documents/MFM/gradle/wrapper/caches/modules-2/files-2.1/org.glassfish.jaxb/jaxb-runtime/2.3.2/5528bc882ea499a09d720b42af11785c4fc6be2a/jaxb-runtime-2.3.2.jar referenced one or more files that do not exist: file:/Users/dianabuschman/Documents/MFM/gradle/wrapper/caches/modules-2/files-2.1/org.glassfish.jaxb/jaxb-runtime/2.3.2/5528bc882ea499a09d720b42af11785c4fc6be2a/jakarta.xml.bind-api-2.3.2.jar,file:/Users/dianabuschman/Documents/MFM/gradle/wrapper/caches/modules-2/files-2.1/org.glassfish.jaxb/jaxb-runtime/2.3.2/5528bc882ea499a09d720b42af11785c4fc6be2a/txw2-2.3.2.jar,file:/Users/dianabuschman/Documents/MFM/gradle/wrapper/caches/modules-2/files-2.1/org.glassfish.jaxb/jaxb-runtime/2.3.2/5528bc882ea499a09d720b42af11785c4fc6be2a/istack-commons-runtime-3.0.8.jar,file:/Users/dianabuschman/Documents/MFM/gradle/wrapper/caches/modules-2/files-2.1/org.glassfish.jaxb/jaxb-runtime/2.3.2/5528bc882ea499a09d720b42af11785c4fc6be2a/stax-ex-1.8.1.jar,file:/Users/dianabuschman/Documents/MFM/gradle/wrapper/caches/modules-2/files-2.1/org.glassfish.jaxb/jaxb-runtime/2.3.2/5528bc882ea499a09d720b42af11785c4fc6be2a/FastInfoset-1.2.16.jar,file:/Users/dianabuschman/Documents/MFM/gradle/wrapper/caches/modules-2/files-2.1/org.glassfish.jaxb/jaxb-runtime/2.3.2/5528bc882ea499a09d720b42af11785c4fc6be2a/jakarta.activation-api-1.2.1.jar
2019-12-13 14:43:55.158  INFO 49962 --- [  restartedMain] .e.DevToolsPropertyDefaultsPostProcessor : Devtools property defaults active! Set 'spring.devtools.add-properties' to 'false' to disable
2019-12-13 14:43:55.159  INFO 49962 --- [  restartedMain] .e.DevToolsPropertyDefaultsPostProcessor : For additional web related logging consider setting the 'logging.level.web' property to 'DEBUG'
2019-12-13 14:43:56.688  INFO 49962 --- [  restartedMain] .s.d.r.c.RepositoryConfigurationDelegate : Bootstrapping Spring Data repositories in DEFAULT mode.
2019-12-13 14:43:56.843  INFO 49962 --- [  restartedMain] .s.d.r.c.RepositoryConfigurationDelegate : Finished Spring Data repository scanning in 124ms. Found 2 repository interfaces.
2019-12-13 14:43:57.435  INFO 49962 --- [  restartedMain] trationDelegate$BeanPostProcessorChecker : Bean 'org.springframework.transaction.annotation.ProxyTransactionManagementConfiguration' of type [org.springframework.transaction.annotation.ProxyTransactionManagementConfiguration] is not eligible for getting processed by all BeanPostProcessors (for example: not eligible for auto-proxying)
2019-12-13 14:43:58.087  INFO 49962 --- [  restartedMain] o.s.b.w.embedded.tomcat.TomcatWebServer  : Tomcat initialized with port(s): 8080 (http)
2019-12-13 14:43:58.118  INFO 49962 --- [  restartedMain] o.apache.catalina.core.StandardService   : Starting service [Tomcat]
2019-12-13 14:43:58.119  INFO 49962 --- [  restartedMain] org.apache.catalina.core.StandardEngine  : Starting Servlet engine: [Apache Tomcat/9.0.27]
2019-12-13 14:43:58.278  INFO 49962 --- [  restartedMain] o.a.c.c.C.[Tomcat].[localhost].[/]       : Initializing Spring embedded WebApplicationContext
2019-12-13 14:43:58.278  INFO 49962 --- [  restartedMain] o.s.web.context.ContextLoader            : Root WebApplicationContext: initialization completed in 3118 ms
2019-12-13 14:43:58.642  INFO 49962 --- [  restartedMain] o.hibernate.jpa.internal.util.LogHelper  : HHH000204: Processing PersistenceUnitInfo [name: default]
2019-12-13 14:43:58.866  INFO 49962 --- [  restartedMain] org.hibernate.Version                    : HHH000412: Hibernate Core {5.4.8.Final}
2019-12-13 14:43:59.347  INFO 49962 --- [  restartedMain] o.hibernate.annotations.common.Version   : HCANN000001: Hibernate Commons Annotations {5.1.0.Final}
2019-12-13 14:43:59.628  INFO 49962 --- [  restartedMain] com.zaxxer.hikari.HikariDataSource       : HikariPool-1 - Starting...
2019-12-13 14:43:59.898  INFO 49962 --- [  restartedMain] com.zaxxer.hikari.HikariDataSource       : HikariPool-1 - Start completed.
2019-12-13 14:43:59.931  INFO 49962 --- [  restartedMain] org.hibernate.dialect.Dialect            : HHH000400: Using dialect: org.hibernate.dialect.MySQL5Dialect
2019-12-13 14:44:01.648  INFO 49962 --- [  restartedMain] o.h.e.t.j.p.i.JtaPlatformInitiator       : HHH000490: Using JtaPlatform implementation: [org.hibernate.engine.transaction.jta.platform.internal.NoJtaPlatform]
2019-12-13 14:44:01.667  INFO 49962 --- [  restartedMain] j.LocalContainerEntityManagerFactoryBean : Initialized JPA EntityManagerFactory for persistence unit 'default'
2019-12-13 14:44:01.707  INFO 49962 --- [  restartedMain] o.s.b.d.a.OptionalLiveReloadServer       : LiveReload server is running on port 35729
2019-12-13 14:44:02.640  WARN 49962 --- [  restartedMain] JpaBaseConfiguration$JpaWebConfiguration : spring.jpa.open-in-view is enabled by default. Therefore, database queries may be performed during view rendering. Explicitly configure spring.jpa.open-in-view to disable this warning
2019-12-13 14:44:02.927  INFO 49962 --- [  restartedMain] o.s.s.concurrent.ThreadPoolTaskExecutor  : Initializing ExecutorService 'applicationTaskExecutor'
2019-12-13 14:44:03.563  INFO 49962 --- [  restartedMain] o.s.b.w.embedded.tomcat.TomcatWebServer  : Tomcat started on port(s): 8080 (http) with context path ''
2019-12-13 14:44:03.572  INFO 49962 --- [  restartedMain] org.launchcode.MFM.MfmApplication        : Started MfmApplication in 9.304 seconds (JVM running for 10.438)
2019-12-13 14:44:06.469  INFO 49962 --- [nio-8080-exec-1] o.a.c.c.C.[Tomcat].[localhost].[/]       : Initializing Spring DispatcherServlet 'dispatcherServlet'
2019-12-13 14:44:06.469  INFO 49962 --- [nio-8080-exec-1] o.s.web.servlet.DispatcherServlet        : Initializing Servlet 'dispatcherServlet'
2019-12-13 14:44:06.486  INFO 49962 --- [nio-8080-exec-1] o.s.web.servlet.DispatcherServlet        : Completed initialization in 17 ms
2019-12-13 14:44:20.481  WARN 49962 --- [nio-8080-exec-6] .w.s.m.s.DefaultHandlerExceptionResolver : Resolved [org.springframework.web.HttpRequestMethodNotSupportedException: Request method 'GET' not supported]

FAILURE: Build failed with an exception.

* What went wrong:
Execution failed for task ':bootRun'.
> Process 'command '/private/var/folders/fd/ysby4lv13j3403d49hrs456r0000gq/T/AppTranslocation/CAD66134-5617-4519-9667-7C549A61E2B0/d/IntelliJ IDEA CE.app/Contents/jbr/Contents/Home/bin/java'' finished with non-zero exit value 255

* Try:
Run with --stacktrace option to get the stack trace. Run with --info or --debug option to get more log output. Run with --scan to get full insights.

* Get more help at https://help.gradle.org

BUILD FAILED in 1m 39s
3 actionable tasks: 2 executed, 1 up-to-date
14:45:08.141 [DEBUG] [org.gradle.launcher.daemon.server.exec.ExecuteBuild] The daemon has finished executing the build.
14:45:08.153 [DEBUG] [org.gradle.launcher.daemon.server.DaemonStateCoordinator] daemon is running. Sleeping until state changes.
14:45:08.154 [DEBUG] [org.gradle.launcher.daemon.server.DaemonStateCoordinator] Command execution: finished waiting for DaemonCommandExecution[command = Build{id=dc3d1ee1-1471-40a2-bae8-5abb6c184b07, currentDir=/Users/dianabuschman/Documents/MFM}, connection = DefaultDaemonConnection: socket connection from /127.0.0.1:56634 to /127.0.0.1:56635]. Result org.gradle.launcher.daemon.server.DaemonStateCoordinator@62135e44 with state Busy
14:45:08.154 [DEBUG] [org.gradle.launcher.daemon.server.DaemonStateCoordinator] Command execution: completed DaemonCommandExecution[command = Build{id=dc3d1ee1-1471-40a2-bae8-5abb6c184b07, currentDir=/Users/dianabuschman/Documents/MFM}, connection = DefaultDaemonConnection: socket connection from /127.0.0.1:56634 to /127.0.0.1:56635]
14:45:08.154 [DEBUG] [org.gradle.launcher.daemon.server.DaemonStateCoordinator] resetting idle timer
14:45:08.154 [INFO] [org.gradle.launcher.daemon.server.DaemonRegistryUpdater] Marking the daemon as idle, address: [bcd991f6-867f-4231-b7b0-ff59eea23620 port:56634, addresses:[/0:0:0:0:0:0:0:1%lo0, /127.0.0.1]]
14:45:08.154 [DEBUG] [org.gradle.launcher.daemon.registry.PersistentDaemonRegistry] Marking busy by address: [bcd991f6-867f-4231-b7b0-ff59eea23620 port:56634, addresses:[/0:0:0:0:0:0:0:1%lo0, /127.0.0.1]]
14:45:08.155 [DEBUG] [org.gradle.cache.internal.DefaultFileLockManager] Waiting to acquire exclusive lock on daemon addresses registry.
14:45:08.156 [DEBUG] [org.gradle.cache.internal.DefaultFileLockManager] Lock acquired on daemon addresses registry.
14:45:08.158 [DEBUG] [org.gradle.cache.internal.DefaultFileLockManager] Releasing lock on daemon addresses registry.
14:45:08.158 [DEBUG] [org.gradle.launcher.daemon.server.DaemonStateCoordinator] daemon is running. Sleeping until state changes.
14:45:08.158 [DEBUG] [org.gradle.launcher.daemon.server.exec.ReturnResult] Daemon is dispatching the build result: Success[value=org.gradle.launcher.exec.BuildActionResult@67897305]
14:45:08.159 [DEBUG] [org.gradle.launcher.daemon.server.SynchronizedDispatchConnection] thread 20: dispatching class org.gradle.launcher.daemon.protocol.Success
14:45:08.181 [DEBUG] [org.gradle.launcher.daemon.server.DefaultIncomingConnectionHandler] Finishing executing command: Build{id=dc3d1ee1-1471-40a2-bae8-5abb6c184b07, currentDir=/Users/dianabuschman/Documents/MFM}
14:45:08.185 [DEBUG] [org.gradle.launcher.daemon.server.SynchronizedDispatchConnection] thread 21: received class org.gradle.launcher.daemon.protocol.CloseInput
14:45:08.186 [DEBUG] [org.gradle.launcher.daemon.server.DefaultDaemonConnection] thread 21: Received IO message from client: org.gradle.launcher.daemon.protocol.CloseInput@43dc21e3
14:45:08.186 [DEBUG] [org.gradle.launcher.daemon.server.SynchronizedDispatchConnection] thread 21: received class org.gradle.launcher.daemon.protocol.Finished
14:45:08.186 [DEBUG] [org.gradle.launcher.daemon.server.DefaultDaemonConnection] thread 21: Received non-IO message from client: org.gradle.launcher.daemon.protocol.Finished@372621b9
14:45:08.186 [DEBUG] [org.gradle.launcher.daemon.server.DefaultIncomingConnectionHandler] Received finished message: org.gradle.launcher.daemon.protocol.Finished@372621b9
14:45:08.187 [DEBUG] [org.gradle.launcher.daemon.server.SynchronizedDispatchConnection] thread 20: stopping connection
14:45:08.187 [DEBUG] [org.gradle.internal.remote.internal.inet.SocketConnection] Discarding EOFException: java.io.EOFException
14:45:08.187 [DEBUG] [org.gradle.launcher.daemon.server.SynchronizedDispatchConnection] thread 21: received null
14:45:08.187 [DEBUG] [org.gradle.launcher.daemon.server.DefaultDaemonConnection] thread 21: Received end-of-input from client.
14:45:08.190 [DEBUG] [org.gradle.launcher.daemon.server.SynchronizedDispatchConnection] thread 20: stopping connection
